{"timestamp":"2025-08-07T11:07:51.702661","level":"info","event":"Filling up the DagBag from /opt/airflow/dags/celery.py","logger":"airflow.models.dagbag.DagBag"}
{"timestamp":"2025-08-07T11:07:53.822003","level":"info","event":"Filling up the DagBag from /opt/airflow/dags/celery.py","logger":"airflow.models.dagbag.DagBag"}
{"timestamp":"2025-08-07T11:07:55.943227","level":"info","event":"Filling up the DagBag from /opt/airflow/dags/celery.py","logger":"airflow.models.dagbag.DagBag"}
{"timestamp":"2025-08-07T11:07:55.971114","level":"error","event":"Failed to import: /opt/airflow/dags/celery.py","logger":"airflow.models.dagbag.DagBag","error_detail":[{"exc_type":"SyntaxError","exc_value":"invalid syntax (celery.py, line 4)","exc_notes":[],"syntax_error":{"offset":2,"filename":"/opt/airflow/dags/celery.py","line":"@","lineno":4,"msg":"invalid syntax"},"is_cause":false,"frames":[{"filename":"/home/airflow/.local/lib/python3.12/site-packages/airflow/models/dagbag.py","lineno":384,"name":"parse"},{"filename":"<frozen importlib._bootstrap_external>","lineno":995,"name":"exec_module"},{"filename":"<frozen importlib._bootstrap_external>","lineno":1133,"name":"get_code"},{"filename":"<frozen importlib._bootstrap_external>","lineno":1063,"name":"source_to_code"},{"filename":"<frozen importlib._bootstrap>","lineno":488,"name":"_call_with_frames_removed"}]}]}
{"timestamp":"2025-08-07T11:07:59.078765","level":"info","event":"Filling up the DagBag from /opt/airflow/dags/celery.py","logger":"airflow.models.dagbag.DagBag"}
{"timestamp":"2025-08-07T11:07:59.098639","level":"error","event":"Failed to import: /opt/airflow/dags/celery.py","logger":"airflow.models.dagbag.DagBag","error_detail":[{"exc_type":"SyntaxError","exc_value":"invalid syntax (celery.py, line 4)","exc_notes":[],"syntax_error":{"offset":0,"filename":"/opt/airflow/dags/celery.py","line":"@dag\n","lineno":4,"msg":"invalid syntax"},"is_cause":false,"frames":[{"filename":"/home/airflow/.local/lib/python3.12/site-packages/airflow/models/dagbag.py","lineno":384,"name":"parse"},{"filename":"<frozen importlib._bootstrap_external>","lineno":995,"name":"exec_module"},{"filename":"<frozen importlib._bootstrap_external>","lineno":1133,"name":"get_code"},{"filename":"<frozen importlib._bootstrap_external>","lineno":1063,"name":"source_to_code"},{"filename":"<frozen importlib._bootstrap>","lineno":488,"name":"_call_with_frames_removed"}]}]}
{"timestamp":"2025-08-07T11:08:02.218405","level":"info","event":"Filling up the DagBag from /opt/airflow/dags/celery.py","logger":"airflow.models.dagbag.DagBag"}
{"timestamp":"2025-08-07T11:08:02.240374","level":"error","event":"Failed to import: /opt/airflow/dags/celery.py","logger":"airflow.models.dagbag.DagBag","error_detail":[{"exc_type":"IndentationError","exc_value":"expected an indented block after function definition on line 5 (celery.py, line 5)","exc_notes":[],"syntax_error":{"offset":18,"filename":"/opt/airflow/dags/celery.py","line":"def celery_dag():","lineno":5,"msg":"expected an indented block after function definition on line 5"},"is_cause":false,"frames":[{"filename":"/home/airflow/.local/lib/python3.12/site-packages/airflow/models/dagbag.py","lineno":384,"name":"parse"},{"filename":"<frozen importlib._bootstrap_external>","lineno":995,"name":"exec_module"},{"filename":"<frozen importlib._bootstrap_external>","lineno":1133,"name":"get_code"},{"filename":"<frozen importlib._bootstrap_external>","lineno":1063,"name":"source_to_code"},{"filename":"<frozen importlib._bootstrap>","lineno":488,"name":"_call_with_frames_removed"}]}]}
{"timestamp":"2025-08-07T11:08:05.348347","level":"info","event":"Filling up the DagBag from /opt/airflow/dags/celery.py","logger":"airflow.models.dagbag.DagBag"}
{"timestamp":"2025-08-07T11:08:21.242654","level":"info","event":"Filling up the DagBag from /opt/airflow/dags/celery.py","logger":"airflow.models.dagbag.DagBag"}
{"timestamp":"2025-08-07T11:08:24.390827","level":"info","event":"Filling up the DagBag from /opt/airflow/dags/celery.py","logger":"airflow.models.dagbag.DagBag"}
{"timestamp":"2025-08-07T11:08:26.519394","level":"info","event":"Filling up the DagBag from /opt/airflow/dags/celery.py","logger":"airflow.models.dagbag.DagBag"}
{"timestamp":"2025-08-07T11:08:27.630826","level":"info","event":"Filling up the DagBag from /opt/airflow/dags/celery.py","logger":"airflow.models.dagbag.DagBag"}
{"timestamp":"2025-08-07T11:08:36.817904","level":"info","event":"Filling up the DagBag from /opt/airflow/dags/celery.py","logger":"airflow.models.dagbag.DagBag"}
{"timestamp":"2025-08-07T11:08:38.381314","level":"info","event":"Filling up the DagBag from /opt/airflow/dags/celery.py","logger":"airflow.models.dagbag.DagBag"}
{"timestamp":"2025-08-07T11:08:38.494934","level":"info","event":"Filling up the DagBag from /opt/airflow/dags/celery.py","logger":"airflow.models.dagbag.DagBag"}
{"timestamp":"2025-08-07T11:08:41.810987","level":"info","event":"Filling up the DagBag from /opt/airflow/dags/celery.py","logger":"airflow.models.dagbag.DagBag"}
{"timestamp":"2025-08-07T11:08:41.932490","level":"info","event":"Filling up the DagBag from /opt/airflow/dags/celery.py","logger":"airflow.models.dagbag.DagBag"}
{"timestamp":"2025-08-07T11:08:42.052027","level":"info","event":"Filling up the DagBag from /opt/airflow/dags/celery.py","logger":"airflow.models.dagbag.DagBag"}
{"timestamp":"2025-08-07T11:08:44.161999","level":"info","event":"Filling up the DagBag from /opt/airflow/dags/celery.py","logger":"airflow.models.dagbag.DagBag"}
{"timestamp":"2025-08-07T11:08:47.291323","level":"info","event":"Filling up the DagBag from /opt/airflow/dags/celery.py","logger":"airflow.models.dagbag.DagBag"}
{"timestamp":"2025-08-07T11:08:47.402744","level":"info","event":"Filling up the DagBag from /opt/airflow/dags/celery.py","logger":"airflow.models.dagbag.DagBag"}
{"timestamp":"2025-08-07T11:08:50.517050","level":"info","event":"Filling up the DagBag from /opt/airflow/dags/celery.py","logger":"airflow.models.dagbag.DagBag"}
{"timestamp":"2025-08-07T11:08:53.658176","level":"info","event":"Filling up the DagBag from /opt/airflow/dags/celery.py","logger":"airflow.models.dagbag.DagBag"}
{"timestamp":"2025-08-07T11:08:54.779226","level":"info","event":"Filling up the DagBag from /opt/airflow/dags/celery.py","logger":"airflow.models.dagbag.DagBag"}
{"timestamp":"2025-08-07T11:09:01.944474","level":"info","event":"Filling up the DagBag from /opt/airflow/dags/celery.py","logger":"airflow.models.dagbag.DagBag"}
{"timestamp":"2025-08-07T11:09:07.581780","level":"info","event":"Filling up the DagBag from /opt/airflow/dags/celery.py","logger":"airflow.models.dagbag.DagBag"}
{"timestamp":"2025-08-07T11:09:07.616203","level":"error","event":"Failed to import: /opt/airflow/dags/celery.py","logger":"airflow.models.dagbag.DagBag","error_detail":[{"exc_type":"NameError","exc_value":"name 't1' is not defined","exc_notes":[],"syntax_error":null,"is_cause":false,"frames":[{"filename":"/home/airflow/.local/lib/python3.12/site-packages/airflow/models/dagbag.py","lineno":384,"name":"parse"},{"filename":"<frozen importlib._bootstrap_external>","lineno":999,"name":"exec_module"},{"filename":"<frozen importlib._bootstrap>","lineno":488,"name":"_call_with_frames_removed"},{"filename":"/opt/airflow/dags/celery.py","lineno":20,"name":"<module>"},{"filename":"/home/airflow/.local/lib/python3.12/site-packages/airflow/sdk/definitions/dag.py","lineno":1138,"name":"factory"},{"filename":"/opt/airflow/dags/celery.py","lineno":18,"name":"celery_dag"}]}]}
{"timestamp":"2025-08-07T11:09:07.704907","level":"info","event":"Filling up the DagBag from /opt/airflow/dags/celery.py","logger":"airflow.models.dagbag.DagBag"}
{"timestamp":"2025-08-07T11:09:07.722847","level":"error","event":"Failed to import: /opt/airflow/dags/celery.py","logger":"airflow.models.dagbag.DagBag","error_detail":[{"exc_type":"NameError","exc_value":"name 't1' is not defined","exc_notes":[],"syntax_error":null,"is_cause":false,"frames":[{"filename":"/home/airflow/.local/lib/python3.12/site-packages/airflow/models/dagbag.py","lineno":384,"name":"parse"},{"filename":"<frozen importlib._bootstrap_external>","lineno":999,"name":"exec_module"},{"filename":"<frozen importlib._bootstrap>","lineno":488,"name":"_call_with_frames_removed"},{"filename":"/opt/airflow/dags/celery.py","lineno":20,"name":"<module>"},{"filename":"/home/airflow/.local/lib/python3.12/site-packages/airflow/sdk/definitions/dag.py","lineno":1138,"name":"factory"},{"filename":"/opt/airflow/dags/celery.py","lineno":18,"name":"celery_dag"}]}]}
{"timestamp":"2025-08-07T11:09:07.811029","level":"info","event":"Filling up the DagBag from /opt/airflow/dags/celery.py","logger":"airflow.models.dagbag.DagBag"}
{"timestamp":"2025-08-07T11:09:07.827713","level":"error","event":"Failed to import: /opt/airflow/dags/celery.py","logger":"airflow.models.dagbag.DagBag","error_detail":[{"exc_type":"NameError","exc_value":"name 't1' is not defined","exc_notes":[],"syntax_error":null,"is_cause":false,"frames":[{"filename":"/home/airflow/.local/lib/python3.12/site-packages/airflow/models/dagbag.py","lineno":384,"name":"parse"},{"filename":"<frozen importlib._bootstrap_external>","lineno":999,"name":"exec_module"},{"filename":"<frozen importlib._bootstrap>","lineno":488,"name":"_call_with_frames_removed"},{"filename":"/opt/airflow/dags/celery.py","lineno":20,"name":"<module>"},{"filename":"/home/airflow/.local/lib/python3.12/site-packages/airflow/sdk/definitions/dag.py","lineno":1138,"name":"factory"},{"filename":"/opt/airflow/dags/celery.py","lineno":18,"name":"celery_dag"}]}]}
{"timestamp":"2025-08-07T11:09:10.118540","level":"info","event":"Filling up the DagBag from /opt/airflow/dags/celery.py","logger":"airflow.models.dagbag.DagBag"}
{"timestamp":"2025-08-07T11:09:10.370819","level":"info","event":"Filling up the DagBag from /opt/airflow/dags/celery.py","logger":"airflow.models.dagbag.DagBag"}
{"timestamp":"2025-08-07T11:09:10.491132","level":"info","event":"Filling up the DagBag from /opt/airflow/dags/celery.py","logger":"airflow.models.dagbag.DagBag"}
{"timestamp":"2025-08-07T11:09:17.658594","level":"info","event":"Filling up the DagBag from /opt/airflow/dags/celery.py","logger":"airflow.models.dagbag.DagBag"}
{"timestamp":"2025-08-07T11:09:20.827325","level":"info","event":"Filling up the DagBag from /opt/airflow/dags/celery.py","logger":"airflow.models.dagbag.DagBag"}
{"timestamp":"2025-08-07T11:09:24.998743","level":"info","event":"Filling up the DagBag from /opt/airflow/dags/celery.py","logger":"airflow.models.dagbag.DagBag"}
{"timestamp":"2025-08-07T11:09:27.131190","level":"info","event":"Filling up the DagBag from /opt/airflow/dags/celery.py","logger":"airflow.models.dagbag.DagBag"}
{"timestamp":"2025-08-07T11:09:33.302974","level":"info","event":"Filling up the DagBag from /opt/airflow/dags/celery.py","logger":"airflow.models.dagbag.DagBag"}
{"timestamp":"2025-08-07T11:09:35.453178","level":"info","event":"Filling up the DagBag from /opt/airflow/dags/celery.py","logger":"airflow.models.dagbag.DagBag"}
{"timestamp":"2025-08-07T11:09:34.780238","level":"error","event":"Failed to import: /opt/airflow/dags/celery.py","logger":"airflow.models.dagbag.DagBag","error_detail":[{"exc_type":"SyntaxError","exc_value":"'[' was never closed (celery.py, line 22)","exc_notes":[],"syntax_error":{"offset":12,"filename":"/opt/airflow/dags/celery.py","line":"    a() >> [b(), c() >> d()\n","lineno":22,"msg":"'[' was never closed"},"is_cause":false,"frames":[{"filename":"/home/airflow/.local/lib/python3.12/site-packages/airflow/models/dagbag.py","lineno":384,"name":"parse"},{"filename":"<frozen importlib._bootstrap_external>","lineno":995,"name":"exec_module"},{"filename":"<frozen importlib._bootstrap_external>","lineno":1133,"name":"get_code"},{"filename":"<frozen importlib._bootstrap_external>","lineno":1063,"name":"source_to_code"},{"filename":"<frozen importlib._bootstrap>","lineno":488,"name":"_call_with_frames_removed"}]}]}
{"timestamp":"2025-08-07T11:09:36.040962","level":"info","event":"Filling up the DagBag from /opt/airflow/dags/celery.py","logger":"airflow.models.dagbag.DagBag"}
{"timestamp":"2025-08-07T11:09:36.192764","level":"info","event":"Filling up the DagBag from /opt/airflow/dags/celery.py","logger":"airflow.models.dagbag.DagBag"}
{"timestamp":"2025-08-07T11:09:36.324031","level":"info","event":"Filling up the DagBag from /opt/airflow/dags/celery.py","logger":"airflow.models.dagbag.DagBag"}
{"timestamp":"2025-08-07T11:09:38.440369","level":"info","event":"Filling up the DagBag from /opt/airflow/dags/celery.py","logger":"airflow.models.dagbag.DagBag"}
{"timestamp":"2025-08-07T11:09:38.579551","level":"info","event":"Filling up the DagBag from /opt/airflow/dags/celery.py","logger":"airflow.models.dagbag.DagBag"}
{"timestamp":"2025-08-07T11:09:38.702774","level":"info","event":"Filling up the DagBag from /opt/airflow/dags/celery.py","logger":"airflow.models.dagbag.DagBag"}
{"timestamp":"2025-08-07T11:09:38.826940","level":"info","event":"Filling up the DagBag from /opt/airflow/dags/celery.py","logger":"airflow.models.dagbag.DagBag"}
{"timestamp":"2025-08-07T11:09:41.122132","level":"info","event":"Filling up the DagBag from /opt/airflow/dags/celery.py","logger":"airflow.models.dagbag.DagBag"}
{"timestamp":"2025-08-07T11:10:03.908007","level":"info","event":"Filling up the DagBag from /opt/airflow/dags/celery.py","logger":"airflow.models.dagbag.DagBag"}
{"timestamp":"2025-08-07T11:10:04.050229","level":"info","event":"Filling up the DagBag from /opt/airflow/dags/celery.py","logger":"airflow.models.dagbag.DagBag"}
{"timestamp":"2025-08-07T11:10:04.185835","level":"info","event":"Filling up the DagBag from /opt/airflow/dags/celery.py","logger":"airflow.models.dagbag.DagBag"}
{"timestamp":"2025-08-07T11:10:05.295998","level":"info","event":"Filling up the DagBag from /opt/airflow/dags/celery.py","logger":"airflow.models.dagbag.DagBag"}
{"timestamp":"2025-08-07T11:10:05.435845","level":"info","event":"Filling up the DagBag from /opt/airflow/dags/celery.py","logger":"airflow.models.dagbag.DagBag"}
{"timestamp":"2025-08-07T11:10:05.559557","level":"info","event":"Filling up the DagBag from /opt/airflow/dags/celery.py","logger":"airflow.models.dagbag.DagBag"}
{"timestamp":"2025-08-07T11:10:05.695613","level":"info","event":"Filling up the DagBag from /opt/airflow/dags/celery.py","logger":"airflow.models.dagbag.DagBag"}
{"timestamp":"2025-08-07T11:10:05.820675","level":"info","event":"Filling up the DagBag from /opt/airflow/dags/celery.py","logger":"airflow.models.dagbag.DagBag"}
{"timestamp":"2025-08-07T11:10:09.954705","level":"info","event":"Filling up the DagBag from /opt/airflow/dags/celery.py","logger":"airflow.models.dagbag.DagBag"}
{"timestamp":"2025-08-07T11:10:24.365869","level":"info","event":"Filling up the DagBag from /opt/airflow/dags/celery.py","logger":"airflow.models.dagbag.DagBag"}
{"timestamp":"2025-08-07T11:10:55.371146","level":"info","event":"Filling up the DagBag from /opt/airflow/dags/celery.py","logger":"airflow.models.dagbag.DagBag"}
{"timestamp":"2025-08-07T11:11:26.378958","level":"info","event":"Filling up the DagBag from /opt/airflow/dags/celery.py","logger":"airflow.models.dagbag.DagBag"}
{"timestamp":"2025-08-07T11:11:57.445007","level":"info","event":"Filling up the DagBag from /opt/airflow/dags/celery.py","logger":"airflow.models.dagbag.DagBag"}
{"timestamp":"2025-08-07T11:12:27.902499","level":"info","event":"Filling up the DagBag from /opt/airflow/dags/celery.py","logger":"airflow.models.dagbag.DagBag"}
{"timestamp":"2025-08-07T11:12:58.898581","level":"info","event":"Filling up the DagBag from /opt/airflow/dags/celery.py","logger":"airflow.models.dagbag.DagBag"}
{"timestamp":"2025-08-07T11:13:29.911694","level":"info","event":"Filling up the DagBag from /opt/airflow/dags/celery.py","logger":"airflow.models.dagbag.DagBag"}
{"timestamp":"2025-08-07T11:14:00.889786","level":"info","event":"Filling up the DagBag from /opt/airflow/dags/celery.py","logger":"airflow.models.dagbag.DagBag"}
{"timestamp":"2025-08-07T11:14:31.908839","level":"info","event":"Filling up the DagBag from /opt/airflow/dags/celery.py","logger":"airflow.models.dagbag.DagBag"}
{"timestamp":"2025-08-07T11:15:02.945518","level":"info","event":"Filling up the DagBag from /opt/airflow/dags/celery.py","logger":"airflow.models.dagbag.DagBag"}
{"timestamp":"2025-08-07T11:15:33.954306","level":"info","event":"Filling up the DagBag from /opt/airflow/dags/celery.py","logger":"airflow.models.dagbag.DagBag"}
{"timestamp":"2025-08-07T11:16:04.925625","level":"info","event":"Filling up the DagBag from /opt/airflow/dags/celery.py","logger":"airflow.models.dagbag.DagBag"}
{"timestamp":"2025-08-07T11:16:35.934357","level":"info","event":"Filling up the DagBag from /opt/airflow/dags/celery.py","logger":"airflow.models.dagbag.DagBag"}
{"timestamp":"2025-08-07T11:17:06.930003","level":"info","event":"Filling up the DagBag from /opt/airflow/dags/celery.py","logger":"airflow.models.dagbag.DagBag"}
{"timestamp":"2025-08-07T11:17:37.943834","level":"info","event":"Filling up the DagBag from /opt/airflow/dags/celery.py","logger":"airflow.models.dagbag.DagBag"}
{"timestamp":"2025-08-07T11:18:08.417730","level":"info","event":"Filling up the DagBag from /opt/airflow/dags/celery.py","logger":"airflow.models.dagbag.DagBag"}
{"timestamp":"2025-08-07T11:18:39.449590","level":"info","event":"Filling up the DagBag from /opt/airflow/dags/celery.py","logger":"airflow.models.dagbag.DagBag"}
{"timestamp":"2025-08-07T11:19:10.463676","level":"info","event":"Filling up the DagBag from /opt/airflow/dags/celery.py","logger":"airflow.models.dagbag.DagBag"}
{"timestamp":"2025-08-07T11:19:41.480948","level":"info","event":"Filling up the DagBag from /opt/airflow/dags/celery.py","logger":"airflow.models.dagbag.DagBag"}
{"timestamp":"2025-08-07T11:20:12.479340","level":"info","event":"Filling up the DagBag from /opt/airflow/dags/celery.py","logger":"airflow.models.dagbag.DagBag"}
{"timestamp":"2025-08-07T11:20:43.468414","level":"info","event":"Filling up the DagBag from /opt/airflow/dags/celery.py","logger":"airflow.models.dagbag.DagBag"}
{"timestamp":"2025-08-07T11:21:14.534674","level":"info","event":"Filling up the DagBag from /opt/airflow/dags/celery.py","logger":"airflow.models.dagbag.DagBag"}
{"timestamp":"2025-08-07T11:22:24.628805","level":"info","event":"Filling up the DagBag from /opt/airflow/dags/celery.py","logger":"airflow.models.dagbag.DagBag"}
{"timestamp":"2025-08-07T11:22:56.637412","level":"info","event":"Filling up the DagBag from /opt/airflow/dags/celery.py","logger":"airflow.models.dagbag.DagBag"}
{"timestamp":"2025-08-07T11:23:27.323912","level":"info","event":"Filling up the DagBag from /opt/airflow/dags/celery.py","logger":"airflow.models.dagbag.DagBag"}
{"timestamp":"2025-08-07T11:23:58.311892","level":"info","event":"Filling up the DagBag from /opt/airflow/dags/celery.py","logger":"airflow.models.dagbag.DagBag"}
{"timestamp":"2025-08-07T11:24:29.259812","level":"info","event":"Filling up the DagBag from /opt/airflow/dags/celery.py","logger":"airflow.models.dagbag.DagBag"}
{"timestamp":"2025-08-07T11:25:00.268711","level":"info","event":"Filling up the DagBag from /opt/airflow/dags/celery.py","logger":"airflow.models.dagbag.DagBag"}
{"timestamp":"2025-08-07T11:25:31.229234","level":"info","event":"Filling up the DagBag from /opt/airflow/dags/celery.py","logger":"airflow.models.dagbag.DagBag"}
{"timestamp":"2025-08-07T11:26:02.231216","level":"info","event":"Filling up the DagBag from /opt/airflow/dags/celery.py","logger":"airflow.models.dagbag.DagBag"}
{"timestamp":"2025-08-07T11:26:33.167025","level":"info","event":"Filling up the DagBag from /opt/airflow/dags/celery.py","logger":"airflow.models.dagbag.DagBag"}
{"timestamp":"2025-08-07T11:27:04.146203","level":"info","event":"Filling up the DagBag from /opt/airflow/dags/celery.py","logger":"airflow.models.dagbag.DagBag"}
{"timestamp":"2025-08-07T11:27:35.143333","level":"info","event":"Filling up the DagBag from /opt/airflow/dags/celery.py","logger":"airflow.models.dagbag.DagBag"}
{"timestamp":"2025-08-07T11:28:05.573649","level":"info","event":"Filling up the DagBag from /opt/airflow/dags/celery.py","logger":"airflow.models.dagbag.DagBag"}
{"timestamp":"2025-08-07T11:28:36.613326","level":"info","event":"Filling up the DagBag from /opt/airflow/dags/celery.py","logger":"airflow.models.dagbag.DagBag"}
{"timestamp":"2025-08-07T11:29:07.657437","level":"info","event":"Filling up the DagBag from /opt/airflow/dags/celery.py","logger":"airflow.models.dagbag.DagBag"}
{"timestamp":"2025-08-07T11:29:38.620569","level":"info","event":"Filling up the DagBag from /opt/airflow/dags/celery.py","logger":"airflow.models.dagbag.DagBag"}
{"timestamp":"2025-08-07T11:30:09.614103","level":"info","event":"Filling up the DagBag from /opt/airflow/dags/celery.py","logger":"airflow.models.dagbag.DagBag"}
{"timestamp":"2025-08-07T11:30:39.754515","level":"info","event":"Filling up the DagBag from /opt/airflow/dags/celery.py","logger":"airflow.models.dagbag.DagBag"}
{"timestamp":"2025-08-07T11:31:09.914749","level":"info","event":"Filling up the DagBag from /opt/airflow/dags/celery.py","logger":"airflow.models.dagbag.DagBag"}
